  ball.cpp
C:\Projects\Game Programming in C++\arkanoid\arkanoid\src\ball.h(6,50): warning C4244: 'initializing': conversion from 'double' to 'float', possible loss of data
C:\Projects\Game Programming in C++\arkanoid\arkanoid\src\ball.h(6,40): warning C4244: 'initializing': conversion from 'double' to 'const float', possible loss of data
C:\Projects\Game Programming in C++\arkanoid\arkanoid\src\rectangle_object.h(10,26): warning C4227: anachronism used: qualifiers on reference are ignored
C:\Projects\Game Programming in C++\arkanoid\arkanoid\src\rectangle_object.h(13,26): warning C4227: anachronism used: qualifiers on reference are ignored
C:\Projects\Game Programming in C++\arkanoid\arkanoid\src\rectangle_object.h(16,26): warning C4227: anachronism used: qualifiers on reference are ignored
C:\Projects\Game Programming in C++\arkanoid\arkanoid\src\rectangle_object.h(19,26): warning C4227: anachronism used: qualifiers on reference are ignored
C:\Projects\Game Programming in C++\arkanoid\arkanoid\src\rectangle_object.h(22,29): warning C4227: anachronism used: qualifiers on reference are ignored
C:\Projects\Game Programming in C++\arkanoid\arkanoid\src\rectangle_object.h(25,29): warning C4227: anachronism used: qualifiers on reference are ignored
  game.cpp
C:\Projects\Game Programming in C++\arkanoid\arkanoid\src\ball.h(6,50): warning C4244: 'initializing': conversion from 'double' to 'float', possible loss of data
C:\Projects\Game Programming in C++\arkanoid\arkanoid\src\ball.h(6,40): warning C4244: 'initializing': conversion from 'double' to 'const float', possible loss of data
C:\Projects\Game Programming in C++\arkanoid\arkanoid\src\rectangle_object.h(10,26): warning C4227: anachronism used: qualifiers on reference are ignored
C:\Projects\Game Programming in C++\arkanoid\arkanoid\src\rectangle_object.h(13,26): warning C4227: anachronism used: qualifiers on reference are ignored
C:\Projects\Game Programming in C++\arkanoid\arkanoid\src\rectangle_object.h(16,26): warning C4227: anachronism used: qualifiers on reference are ignored
C:\Projects\Game Programming in C++\arkanoid\arkanoid\src\rectangle_object.h(19,26): warning C4227: anachronism used: qualifiers on reference are ignored
C:\Projects\Game Programming in C++\arkanoid\arkanoid\src\rectangle_object.h(22,29): warning C4227: anachronism used: qualifiers on reference are ignored
C:\Projects\Game Programming in C++\arkanoid\arkanoid\src\rectangle_object.h(25,29): warning C4227: anachronism used: qualifiers on reference are ignored
  level.cpp
C:\Projects\Game Programming in C++\arkanoid\arkanoid\src\ball.h(6,50): warning C4244: 'initializing': conversion from 'double' to 'float', possible loss of data
C:\Projects\Game Programming in C++\arkanoid\arkanoid\src\ball.h(6,40): warning C4244: 'initializing': conversion from 'double' to 'const float', possible loss of data
C:\Projects\Game Programming in C++\arkanoid\arkanoid\src\rectangle_object.h(10,26): warning C4227: anachronism used: qualifiers on reference are ignored
C:\Projects\Game Programming in C++\arkanoid\arkanoid\src\rectangle_object.h(13,26): warning C4227: anachronism used: qualifiers on reference are ignored
C:\Projects\Game Programming in C++\arkanoid\arkanoid\src\rectangle_object.h(16,26): warning C4227: anachronism used: qualifiers on reference are ignored
C:\Projects\Game Programming in C++\arkanoid\arkanoid\src\rectangle_object.h(19,26): warning C4227: anachronism used: qualifiers on reference are ignored
C:\Projects\Game Programming in C++\arkanoid\arkanoid\src\rectangle_object.h(22,29): warning C4227: anachronism used: qualifiers on reference are ignored
C:\Projects\Game Programming in C++\arkanoid\arkanoid\src\rectangle_object.h(25,29): warning C4227: anachronism used: qualifiers on reference are ignored
  main.cpp
C:\Projects\Game Programming in C++\arkanoid\arkanoid\src\ball.h(6,50): warning C4244: 'initializing': conversion from 'double' to 'float', possible loss of data
C:\Projects\Game Programming in C++\arkanoid\arkanoid\src\ball.h(6,40): warning C4244: 'initializing': conversion from 'double' to 'const float', possible loss of data
C:\Projects\Game Programming in C++\arkanoid\arkanoid\src\rectangle_object.h(10,26): warning C4227: anachronism used: qualifiers on reference are ignored
C:\Projects\Game Programming in C++\arkanoid\arkanoid\src\rectangle_object.h(13,26): warning C4227: anachronism used: qualifiers on reference are ignored
C:\Projects\Game Programming in C++\arkanoid\arkanoid\src\rectangle_object.h(16,26): warning C4227: anachronism used: qualifiers on reference are ignored
C:\Projects\Game Programming in C++\arkanoid\arkanoid\src\rectangle_object.h(19,26): warning C4227: anachronism used: qualifiers on reference are ignored
C:\Projects\Game Programming in C++\arkanoid\arkanoid\src\rectangle_object.h(22,29): warning C4227: anachronism used: qualifiers on reference are ignored
C:\Projects\Game Programming in C++\arkanoid\arkanoid\src\rectangle_object.h(25,29): warning C4227: anachronism used: qualifiers on reference are ignored
  player.cpp
C:\Projects\Game Programming in C++\arkanoid\arkanoid\src\rectangle_object.h(10,26): warning C4227: anachronism used: qualifiers on reference are ignored
C:\Projects\Game Programming in C++\arkanoid\arkanoid\src\rectangle_object.h(13,26): warning C4227: anachronism used: qualifiers on reference are ignored
C:\Projects\Game Programming in C++\arkanoid\arkanoid\src\rectangle_object.h(16,26): warning C4227: anachronism used: qualifiers on reference are ignored
C:\Projects\Game Programming in C++\arkanoid\arkanoid\src\rectangle_object.h(19,26): warning C4227: anachronism used: qualifiers on reference are ignored
C:\Projects\Game Programming in C++\arkanoid\arkanoid\src\rectangle_object.h(22,29): warning C4227: anachronism used: qualifiers on reference are ignored
C:\Projects\Game Programming in C++\arkanoid\arkanoid\src\rectangle_object.h(25,29): warning C4227: anachronism used: qualifiers on reference are ignored
C:\Projects\Game Programming in C++\arkanoid\arkanoid\src\ball.h(6,50): warning C4244: 'initializing': conversion from 'double' to 'float', possible loss of data
C:\Projects\Game Programming in C++\arkanoid\arkanoid\src\ball.h(6,40): warning C4244: 'initializing': conversion from 'double' to 'const float', possible loss of data
  renderer.cpp
C:\Projects\Game Programming in C++\arkanoid\arkanoid\src\ball.h(6,50): warning C4244: 'initializing': conversion from 'double' to 'float', possible loss of data
C:\Projects\Game Programming in C++\arkanoid\arkanoid\src\ball.h(6,40): warning C4244: 'initializing': conversion from 'double' to 'const float', possible loss of data
C:\Projects\Game Programming in C++\arkanoid\arkanoid\src\rectangle_object.h(10,26): warning C4227: anachronism used: qualifiers on reference are ignored
C:\Projects\Game Programming in C++\arkanoid\arkanoid\src\rectangle_object.h(13,26): warning C4227: anachronism used: qualifiers on reference are ignored
C:\Projects\Game Programming in C++\arkanoid\arkanoid\src\rectangle_object.h(16,26): warning C4227: anachronism used: qualifiers on reference are ignored
C:\Projects\Game Programming in C++\arkanoid\arkanoid\src\rectangle_object.h(19,26): warning C4227: anachronism used: qualifiers on reference are ignored
C:\Projects\Game Programming in C++\arkanoid\arkanoid\src\rectangle_object.h(22,29): warning C4227: anachronism used: qualifiers on reference are ignored
C:\Projects\Game Programming in C++\arkanoid\arkanoid\src\rectangle_object.h(25,29): warning C4227: anachronism used: qualifiers on reference are ignored
  Generating Code...
C:\Projects\Game Programming in C++\arkanoid\arkanoid\src\rectangle_object.h(23): warning C4172: returning address of local variable or temporary
  arkanoid.vcxproj -> C:\Projects\Game Programming in C++\arkanoid\x64\Debug\arkanoid.exe
